#
# A fatal error has been detected by the Java Runtime Environment:
#
#  EXCEPTION_ACCESS_VIOLATION (0xc0000005) at pc=0x0000000070dca3c5, pid=4520, tid=5116
#
# JRE version: Java(TM) SE Runtime Environment (8.0_25-b18) (build 1.8.0_25-b18)
# Java VM: Java HotSpot(TM) 64-Bit Server VM (25.25-b02 mixed mode windows-amd64 compressed oops)
# Problematic frame:
# V  [jvm.dll+0x11a3c5]
#
# Failed to write core dump. Minidumps are not enabled by default on client versions of Windows
#
# If you would like to submit a bug report, please visit:
#   http://bugreport.sun.com/bugreport/crash.jsp
#

---------------  T H R E A D  ---------------

Current thread (0x00000000565fa000):  JavaThread "JDWP Transport Listener: dt_socket" daemon [_thread_in_vm, id=5116, stack(0x0000000056a80000,0x0000000056b80000)]

siginfo: ExceptionCode=0xc0000005, reading address 0xffffffffffffffff

Registers:
RAX=0x0000000056b7f701, RBX=0x00000000565fa000, RCX=0x656c626100003b65, RDX=0x0000000000000000
RSP=0x0000000056b7f700, RBP=0x656c626100003b65, RSI=0x0000000056b7f818, RDI=0x0000000001d18d10
R8 =0x00000000565fa000, R9 =0x0000000000000700, R10=0x6f632f6164632f6c, R11=0x0000007001cd0005
R12=0x0000000000000000, R13=0x0000000054fbf8a8, R14=0x0000000000000000, R15=0x0000000000000000
RIP=0x0000000070dca3c5, EFLAGS=0x0000000000010206

Top of Stack: (sp=0x0000000056b7f700)
0x0000000056b7f700:   00000000565fa000 00000000565fa000
0x0000000056b7f710:   0000000056b7f7c8 0000000070fc78db
0x0000000056b7f720:   00000000565fa000 0000000070fe413d
0x0000000056b7f730:   0000000000000081 000000006f349149
0x0000000056b7f740:   0000000056610f78 000000006f352912
0x0000000056b7f750:   00000000565fa000 0000000000000000
0x0000000056b7f760:   0000000000000000 0000000000000000
0x0000000056b7f770:   656c626100003b65 000000006f351a09
0x0000000056b7f780:   0000000056b7f818 0000000056b7f7f0
0x0000000056b7f790:   0000000000000001 0000000056610f78
0x0000000056b7f7a0:   656c626100003b65 000000006f3353b3
0x0000000056b7f7b0:   0000000056b7f8e0 0000000000000001
0x0000000056b7f7c0:   0000000000000001 0000000056610f78
0x0000000056b7f7d0:   0000000000000009 0000000000000000
0x0000000056b7f7e0:   0000000000000000 0000000000000000
0x0000000056b7f7f0:   0000000000000001 000000006f335571 

Instructions: (pc=0x0000000070dca3c5)
0x0000000070dca3a5:   cc cc cc cc cc cc cc cc cc cc cc 48 83 ec 28 48
0x0000000070dca3b5:   85 c9 75 07 33 c0 48 83 c4 28 c3 48 89 5c 24 20
0x0000000070dca3c5:   48 8b 19 48 85 db 74 20 48 83 fb 37 74 1a 48 8b
0x0000000070dca3d5:   13 48 8b cb ff 52 10 84 c0 74 0d 48 8b c3 48 8b 


Register to memory mapping:

RAX=0x0000000056b7f701 is pointing into the stack for thread: 0x00000000565fa000
RBX=0x00000000565fa000 is a thread
RCX=0x656c626100003b65 is an unknown value
RDX=0x0000000000000000 is an unknown value
RSP=0x0000000056b7f700 is pointing into the stack for thread: 0x00000000565fa000
RBP=0x656c626100003b65 is an unknown value
RSI=0x0000000056b7f818 is pointing into the stack for thread: 0x00000000565fa000
RDI=0x0000000001d18d10 is an unknown value
R8 =0x00000000565fa000 is a thread
R9 =0x0000000000000700 is an unknown value
R10=0x6f632f6164632f6c is an unknown value
R11=0x0000007001cd0005 is an unknown value
R12=0x0000000000000000 is an unknown value
R13=0x0000000054fbf8a8 is an unknown value
R14=0x0000000000000000 is an unknown value
R15=0x0000000000000000 is an unknown value


Stack: [0x0000000056a80000,0x0000000056b80000],  sp=0x0000000056b7f700,  free space=1021k
Native frames: (J=compiled Java code, j=interpreted, Vv=VM code, C=native code)
V  [jvm.dll+0x11a3c5]
V  [jvm.dll+0x33413d]
C  [jdwp.dll+0x21a09]
C  [jdwp.dll+0x53b3]
C  [jdwp.dll+0x5571]
C  [jdwp.dll+0xf09c]
C  [jdwp.dll+0x1f2c9]
C  [jdwp.dll+0x1f49e]
V  [jvm.dll+0x1abba8]
V  [jvm.dll+0x22bde4]
V  [jvm.dll+0x2852fa]
C  [msvcr100.dll+0x21d9f]
C  [msvcr100.dll+0x21e3b]
C  [kernel32.dll+0x159cd]
C  [ntdll.dll+0x2b981]


---------------  P R O C E S S  ---------------

Java Threads: ( => current thread )
  0x000000005667a800 JavaThread "Service Thread" daemon [_thread_blocked, id=5516, stack(0x0000000057680000,0x0000000057780000)]
  0x0000000056616000 JavaThread "C1 CompilerThread2" daemon [_thread_blocked, id=6804, stack(0x0000000057400000,0x0000000057500000)]
  0x0000000056614000 JavaThread "C2 CompilerThread1" daemon [_thread_blocked, id=1780, stack(0x0000000056f90000,0x0000000057090000)]
  0x0000000056612000 JavaThread "C2 CompilerThread0" daemon [_thread_blocked, id=6052, stack(0x00000000572b0000,0x00000000573b0000)]
  0x000000005660d000 JavaThread "JDWP Command Reader" daemon [_thread_in_native, id=1384, stack(0x0000000056070000,0x0000000056170000)]
  0x00000000565fe000 JavaThread "JDWP Event Helper Thread" daemon [_thread_blocked, id=7056, stack(0x0000000056d40000,0x0000000056e40000)]
=>0x00000000565fa000 JavaThread "JDWP Transport Listener: dt_socket" daemon [_thread_in_vm, id=5116, stack(0x0000000056a80000,0x0000000056b80000)]
  0x0000000054fb8000 JavaThread "Attach Listener" daemon [_thread_blocked, id=5856, stack(0x00000000564f0000,0x00000000565f0000)]
  0x0000000054fb6800 JavaThread "Signal Dispatcher" daemon [_thread_blocked, id=3680, stack(0x00000000562e0000,0x00000000563e0000)]
  0x0000000054f55800 JavaThread "Finalizer" daemon [_thread_blocked, id=7024, stack(0x00000000563e0000,0x00000000564e0000)]
  0x0000000054f4c800 JavaThread "Reference Handler" daemon [_thread_blocked, id=5288, stack(0x00000000561e0000,0x00000000562e0000)]
  0x000000000208b800 JavaThread "main" [_thread_blocked, id=5356, stack(0x00000000022d0000,0x00000000023d0000)]

Other Threads:
  0x0000000054f48800 VMThread [stack: 0x0000000055f60000,0x0000000056060000] [id=4068]
  0x000000005667f000 WatcherThread [stack: 0x0000000057560000,0x0000000057660000] [id=6996]

VM state:not at safepoint (normal execution)

VM Mutex/Monitor currently owned by a thread: None

Heap:
 PSYoungGen      total 18432K, used 4599K [0x00000000eb600000, 0x00000000eda00000, 0x0000000100000000)
  eden space 15872K, 12% used [0x00000000eb600000,0x00000000eb7fdfe0,0x00000000ec580000)
  from space 2560K, 100% used [0x00000000ec580000,0x00000000ec800000,0x00000000ec800000)
  to   space 2560K, 0% used [0x00000000ed780000,0x00000000ed780000,0x00000000eda00000)
 ParOldGen       total 42496K, used 8978K [0x00000000c2200000, 0x00000000c4b80000, 0x00000000eb600000)
  object space 42496K, 21% used [0x00000000c2200000,0x00000000c2ac4b08,0x00000000c4b80000)
 Metaspace       used 11920K, capacity 12050K, committed 12160K, reserved 1060864K
  class space    used 1325K, capacity 1341K, committed 1408K, reserved 1048576K

Card table byte_map: [0x0000000011a60000,0x0000000011c50000] byte_map_base: 0x000000001144f000

Marking Bits: (ParMarkBitMap*) 0x000000007148d490
 Begin Bits: [0x00000000124e0000, 0x0000000013458000)
 End Bits:   [0x0000000013458000, 0x00000000143d0000)

Polling page: 0x0000000000420000

CodeCache: size=245760Kb used=5756Kb max_used=5826Kb free=240003Kb
 bounds [0x00000000026a0000, 0x0000000002c60000, 0x00000000116a0000]
 total_blobs=1679 nmethods=1359 adapters=241
 compilation: enabled

Compilation events (10 events):
Event: 3.010 Thread 0x0000000056614000 nmethod 1324 0x0000000002c1df10 code [0x0000000002c1e060, 0x0000000002c1e178]
Event: 3.010 Thread 0x0000000056614000 1314       4       org.eclipse.emf.ecore.util.EObjectContainmentWithInverseEList$Resolving::resolve (10 bytes)
Event: 3.012 Thread 0x0000000056614000 nmethod 1314 0x0000000002c1d810 code [0x0000000002c1d960, 0x0000000002c1dbf8]
Event: 3.013 Thread 0x0000000056614000 1316       4       org.eclipse.emf.ecore.util.EcoreEList::resolve (126 bytes)
Event: 3.014 Thread 0x0000000056614000 nmethod 1316 0x0000000002c25bd0 code [0x0000000002c25d20, 0x0000000002c25ef8]
Event: 3.014 Thread 0x0000000056614000 1218       4       org.eclipse.emf.common.util.BasicEList::addUnique (49 bytes)
Event: 3.016 Thread 0x0000000056614000 nmethod 1218 0x0000000002c26150 code [0x0000000002c262a0, 0x0000000002c26438]
Event: 3.016 Thread 0x0000000056614000 1142       4       java.lang.Integer::bitCount (49 bytes)
Event: 3.016 Thread 0x0000000056614000 nmethod 1142 0x0000000002ac9550 code [0x0000000002ac9680, 0x0000000002ac9718]
Event: 3.821 Thread 0x0000000056612000 nmethod 1313 0x0000000002c36990 code [0x0000000002c37320, 0x0000000002c45a90]

GC Heap History (6 events):
Event: 1.430 GC heap before
{Heap before GC invocations=1 (full 0):
 PSYoungGen      total 18432K, used 15872K [0x00000000eb600000, 0x00000000eca80000, 0x0000000100000000)
  eden space 15872K, 100% used [0x00000000eb600000,0x00000000ec580000,0x00000000ec580000)
  from space 2560K, 0% used [0x00000000ec800000,0x00000000ec800000,0x00000000eca80000)
  to   space 2560K, 0% used [0x00000000ec580000,0x00000000ec580000,0x00000000ec800000)
 ParOldGen       total 42496K, used 0K [0x00000000c2200000, 0x00000000c4b80000, 0x00000000eb600000)
  object space 42496K, 0% used [0x00000000c2200000,0x00000000c2200000,0x00000000c4b80000)
 Metaspace       used 6793K, capacity 6890K, committed 7040K, reserved 1056768K
  class space    used 748K, capacity 785K, committed 896K, reserved 1048576K
Event: 1.435 GC heap after
Heap after GC invocations=1 (full 0):
 PSYoungGen      total 18432K, used 2541K [0x00000000eb600000, 0x00000000eca80000, 0x0000000100000000)
  eden space 15872K, 0% used [0x00000000eb600000,0x00000000eb600000,0x00000000ec580000)
  from space 2560K, 99% used [0x00000000ec580000,0x00000000ec7fb4a0,0x00000000ec800000)
  to   space 2560K, 0% used [0x00000000ec800000,0x00000000ec800000,0x00000000eca80000)
 ParOldGen       total 42496K, used 917K [0x00000000c2200000, 0x00000000c4b80000, 0x00000000eb600000)
  object space 42496K, 2% used [0x00000000c2200000,0x00000000c22e57a8,0x00000000c4b80000)
 Metaspace       used 6793K, capacity 6890K, committed 7040K, reserved 1056768K
  class space    used 748K, capacity 785K, committed 896K, reserved 1048576K
}
Event: 2.179 GC heap before
{Heap before GC invocations=2 (full 0):
 PSYoungGen      total 18432K, used 18413K [0x00000000eb600000, 0x00000000eca80000, 0x0000000100000000)
  eden space 15872K, 100% used [0x00000000eb600000,0x00000000ec580000,0x00000000ec580000)
  from space 2560K, 99% used [0x00000000ec580000,0x00000000ec7fb4a0,0x00000000ec800000)
  to   space 2560K, 0% used [0x00000000ec800000,0x00000000ec800000,0x00000000eca80000)
 ParOldGen       total 42496K, used 917K [0x00000000c2200000, 0x00000000c4b80000, 0x00000000eb600000)
  object space 42496K, 2% used [0x00000000c2200000,0x00000000c22e57a8,0x00000000c4b80000)
 Metaspace       used 11455K, capacity 11602K, committed 11904K, reserved 1060864K
  class space    used 1305K, capacity 1341K, committed 1408K, reserved 1048576K
Event: 2.188 GC heap after
Heap after GC invocations=2 (full 0):
 PSYoungGen      total 18432K, used 2544K [0x00000000eb600000, 0x00000000eca80000, 0x0000000100000000)
  eden space 15872K, 0% used [0x00000000eb600000,0x00000000eb600000,0x00000000ec580000)
  from space 2560K, 99% used [0x00000000ec800000,0x00000000eca7c020,0x00000000eca80000)
  to   space 2560K, 0% used [0x00000000ec580000,0x00000000ec580000,0x00000000ec800000)
 ParOldGen       total 42496K, used 3562K [0x00000000c2200000, 0x00000000c4b80000, 0x00000000eb600000)
  object space 42496K, 8% used [0x00000000c2200000,0x00000000c257ab70,0x00000000c4b80000)
 Metaspace       used 11455K, capacity 11602K, committed 11904K, reserved 1060864K
  class space    used 1305K, capacity 1341K, committed 1408K, reserved 1048576K
}
Event: 2.862 GC heap before
{Heap before GC invocations=3 (full 0):
 PSYoungGen      total 18432K, used 18416K [0x00000000eb600000, 0x00000000eca80000, 0x0000000100000000)
  eden space 15872K, 100% used [0x00000000eb600000,0x00000000ec580000,0x00000000ec580000)
  from space 2560K, 99% used [0x00000000ec800000,0x00000000eca7c020,0x00000000eca80000)
  to   space 2560K, 0% used [0x00000000ec580000,0x00000000ec580000,0x00000000ec800000)
 ParOldGen       total 42496K, used 3562K [0x00000000c2200000, 0x00000000c4b80000, 0x00000000eb600000)
  object space 42496K, 8% used [0x00000000c2200000,0x00000000c257ab70,0x00000000c4b80000)
 Metaspace       used 11666K, capacity 11794K, committed 11904K, reserved 1060864K
  class space    used 1313K, capacity 1341K, committed 1408K, reserved 1048576K
Event: 2.896 GC heap after
Heap after GC invocations=3 (full 0):
 PSYoungGen      total 18432K, used 2560K [0x00000000eb600000, 0x00000000eda00000, 0x0000000100000000)
  eden space 15872K, 0% used [0x00000000eb600000,0x00000000eb600000,0x00000000ec580000)
  from space 2560K, 100% used [0x00000000ec580000,0x00000000ec800000,0x00000000ec800000)
  to   space 2560K, 0% used [0x00000000ed780000,0x00000000ed780000,0x00000000eda00000)
 ParOldGen       total 42496K, used 8978K [0x00000000c2200000, 0x00000000c4b80000, 0x00000000eb600000)
  object space 42496K, 21% used [0x00000000c2200000,0x00000000c2ac4b08,0x00000000c4b80000)
 Metaspace       used 11666K, capacity 11794K, committed 11904K, reserved 1060864K
  class space    used 1313K, capacity 1341K, committed 1408K, reserved 1048576K
}

Deoptimization events (10 events):
Event: 2.392 Thread 0x000000000208b800 Uncommon trap: reason=null_check action=make_not_entrant pc=0x0000000002baf26c method=org.eclipse.emf.ecore.xmi.impl.XMLHelperImpl.getURI(Ljava/lang/String;)Ljava/lang/String; @ 4
Event: 2.403 Thread 0x000000000208b800 Uncommon trap: reason=null_check action=make_not_entrant pc=0x0000000002baa3c4 method=org.eclipse.emf.ecore.xmi.impl.XMLHelperImpl.getURI(Ljava/lang/String;)Ljava/lang/String; @ 20
Event: 2.783 Thread 0x000000000208b800 Uncommon trap: reason=array_check action=maybe_recompile pc=0x0000000002bfa464 method=org.eclipse.emf.ecore.xmi.impl.XMLHandler$MyStack.push(Ljava/lang/Object;)V @ 26
Event: 2.783 Thread 0x000000000208b800 Uncommon trap: reason=array_check action=maybe_recompile pc=0x0000000002bfa464 method=org.eclipse.emf.ecore.xmi.impl.XMLHandler$MyStack.push(Ljava/lang/Object;)V @ 26
Event: 2.783 Thread 0x000000000208b800 Uncommon trap: reason=array_check action=maybe_recompile pc=0x0000000002bfa464 method=org.eclipse.emf.ecore.xmi.impl.XMLHandler$MyStack.push(Ljava/lang/Object;)V @ 26
Event: 2.783 Thread 0x000000000208b800 Uncommon trap: reason=array_check action=maybe_recompile pc=0x0000000002bfa464 method=org.eclipse.emf.ecore.xmi.impl.XMLHandler$MyStack.push(Ljava/lang/Object;)V @ 26
Event: 2.847 Thread 0x000000000208b800 Uncommon trap: reason=class_check action=maybe_recompile pc=0x0000000002bca7dc method=org.eclipse.emf.ecore.xmi.impl.XMLHelperImpl.setValue(Lorg/eclipse/emf/ecore/EObject;Lorg/eclipse/emf/ecore/EStructuralFeature;Ljava/lang/Object;I)V @ 577
Event: 2.847 Thread 0x000000000208b800 Uncommon trap: reason=class_check action=maybe_recompile pc=0x0000000002bca7dc method=org.eclipse.emf.ecore.xmi.impl.XMLHelperImpl.setValue(Lorg/eclipse/emf/ecore/EObject;Lorg/eclipse/emf/ecore/EStructuralFeature;Ljava/lang/Object;I)V @ 577
Event: 2.847 Thread 0x000000000208b800 Uncommon trap: reason=class_check action=maybe_recompile pc=0x0000000002bca7dc method=org.eclipse.emf.ecore.xmi.impl.XMLHelperImpl.setValue(Lorg/eclipse/emf/ecore/EObject;Lorg/eclipse/emf/ecore/EStructuralFeature;Ljava/lang/Object;I)V @ 577
Event: 2.847 Thread 0x000000000208b800 Uncommon trap: reason=class_check action=maybe_recompile pc=0x0000000002bca7dc method=org.eclipse.emf.ecore.xmi.impl.XMLHelperImpl.setValue(Lorg/eclipse/emf/ecore/EObject;Lorg/eclipse/emf/ecore/EStructuralFeature;Ljava/lang/Object;I)V @ 577

Internal exceptions (10 events):
Event: 2.858 Thread 0x000000000208b800 Exception <a 'java/security/PrivilegedActionException'> (0x00000000ec55fef0) thrown at [D:\re\workspace\8-2-build-windows-amd64-cygwin\jdk8u25\1677\hotspot\src\share\vm\prims\jvm.cpp, line 1312]
Event: 2.932 Thread 0x000000000208b800 Exception <a 'java/security/PrivilegedActionException'> (0x00000000eb771728) thrown at [D:\re\workspace\8-2-build-windows-amd64-cygwin\jdk8u25\1677\hotspot\src\share\vm\prims\jvm.cpp, line 1312]
Event: 2.933 Thread 0x000000000208b800 Exception <a 'java/security/PrivilegedActionException'> (0x00000000eb77c948) thrown at [D:\re\workspace\8-2-build-windows-amd64-cygwin\jdk8u25\1677\hotspot\src\share\vm\prims\jvm.cpp, line 1312]
Event: 2.934 Thread 0x000000000208b800 Exception <a 'java/security/PrivilegedActionException'> (0x00000000eb7881e8) thrown at [D:\re\workspace\8-2-build-windows-amd64-cygwin\jdk8u25\1677\hotspot\src\share\vm\prims\jvm.cpp, line 1312]
Event: 2.935 Thread 0x000000000208b800 Exception <a 'java/security/PrivilegedActionException'> (0x00000000eb7900a8) thrown at [D:\re\workspace\8-2-build-windows-amd64-cygwin\jdk8u25\1677\hotspot\src\share\vm\prims\jvm.cpp, line 1312]
Event: 2.936 Thread 0x000000000208b800 Exception <a 'java/security/PrivilegedActionException'> (0x00000000eb794588) thrown at [D:\re\workspace\8-2-build-windows-amd64-cygwin\jdk8u25\1677\hotspot\src\share\vm\prims\jvm.cpp, line 1312]
Event: 2.936 Thread 0x000000000208b800 Exception <a 'java/security/PrivilegedActionException'> (0x00000000eb798b50) thrown at [D:\re\workspace\8-2-build-windows-amd64-cygwin\jdk8u25\1677\hotspot\src\share\vm\prims\jvm.cpp, line 1312]
Event: 2.937 Thread 0x000000000208b800 Exception <a 'java/security/PrivilegedActionException'> (0x00000000eb79f2f8) thrown at [D:\re\workspace\8-2-build-windows-amd64-cygwin\jdk8u25\1677\hotspot\src\share\vm\prims\jvm.cpp, line 1312]
Event: 2.953 Thread 0x000000000208b800 Exception <a 'java/security/PrivilegedActionException'> (0x00000000eb7bc1a8) thrown at [D:\re\workspace\8-2-build-windows-amd64-cygwin\jdk8u25\1677\hotspot\src\share\vm\prims\jvm.cpp, line 1312]
Event: 2.953 Thread 0x000000000208b800 Exception <a 'java/security/PrivilegedActionException'> (0x00000000eb7bc810) thrown at [D:\re\workspace\8-2-build-windows-amd64-cygwin\jdk8u25\1677\hotspot\src\share\vm\prims\jvm.cpp, line 1312]

Events (10 events):
Event: 1499.472 Executing VM operation: ChangeBreakpoints
Event: 1499.473 Executing VM operation: ChangeBreakpoints done
Event: 1499.483 Executing VM operation: ChangeBreakpoints
Event: 1499.484 Executing VM operation: ChangeBreakpoints done
Event: 1499.485 Executing VM operation: ChangeBreakpoints
Event: 1499.486 Executing VM operation: ChangeBreakpoints done
Event: 1499.493 Executing VM operation: ChangeBreakpoints
Event: 1499.495 Executing VM operation: ChangeBreakpoints done
Event: 1523.717 Executing VM operation: RedefineClasses
Event: 1523.730 Executing VM operation: RedefineClasses done


Dynamic libraries:
0x000000013f730000 - 0x000000013f764000 	C:\Program Files\Java\jre1.8.0_25\bin\javaw.exe
0x00000000777f0000 - 0x0000000077999000 	C:\Windows\SYSTEM32\ntdll.dll
0x00000000775d0000 - 0x00000000776ef000 	C:\Windows\system32\kernel32.dll
0x000007fefd5c0000 - 0x000007fefd62c000 	C:\Windows\system32\KERNELBASE.dll
0x000007feff460000 - 0x000007feff53b000 	C:\Windows\system32\ADVAPI32.dll
0x000007fefdd50000 - 0x000007fefddef000 	C:\Windows\system32\msvcrt.dll
0x000007feff540000 - 0x000007feff55f000 	C:\Windows\SYSTEM32\sechost.dll
0x000007fefd960000 - 0x000007fefda8d000 	C:\Windows\system32\RPCRT4.dll
0x00000000776f0000 - 0x00000000777ea000 	C:\Windows\system32\USER32.dll
0x000007feff110000 - 0x000007feff177000 	C:\Windows\system32\GDI32.dll
0x000007feff240000 - 0x000007feff24e000 	C:\Windows\system32\LPK.dll
0x000007feff640000 - 0x000007feff709000 	C:\Windows\system32\USP10.dll
0x000007fefbd50000 - 0x000007fefbf44000 	C:\Windows\WinSxS\amd64_microsoft.windows.common-controls_6595b64144ccf1df_6.0.7601.18837_none_fa3b1e3d17594757\COMCTL32.dll
0x000007fefee50000 - 0x000007fefeec1000 	C:\Windows\system32\SHLWAPI.dll
0x000007fefeed0000 - 0x000007fefeefe000 	C:\Windows\system32\IMM32.DLL
0x000007feff2a0000 - 0x000007feff3a9000 	C:\Windows\system32\MSCTF.dll
0x000000006f370000 - 0x000000006f442000 	C:\Program Files\Java\jre1.8.0_25\bin\msvcr100.dll
0x0000000070cb0000 - 0x000000007150a000 	C:\Program Files\Java\jre1.8.0_25\bin\server\jvm.dll
0x000007fef9bb0000 - 0x000007fef9bb9000 	C:\Windows\system32\WSOCK32.dll
0x000007feff250000 - 0x000007feff29d000 	C:\Windows\system32\WS2_32.dll
0x000007feff3b0000 - 0x000007feff3b8000 	C:\Windows\system32\NSI.dll
0x000007fefb310000 - 0x000007fefb34b000 	C:\Windows\system32\WINMM.dll
0x00000000779b0000 - 0x00000000779b7000 	C:\Windows\system32\PSAPI.DLL
0x00000000709a0000 - 0x00000000709af000 	C:\Program Files\Java\jre1.8.0_25\bin\verify.dll
0x0000000070900000 - 0x0000000070928000 	C:\Program Files\Java\jre1.8.0_25\bin\java.dll
0x000000006f330000 - 0x000000006f365000 	C:\Program Files\Java\jre1.8.0_25\bin\jdwp.dll
0x000000006f320000 - 0x000000006f328000 	C:\Program Files\Java\jre1.8.0_25\bin\npt.dll
0x000000006f640000 - 0x000000006f656000 	C:\Program Files\Java\jre1.8.0_25\bin\zip.dll
0x000007fefddf0000 - 0x000007fefeb79000 	C:\Windows\system32\SHELL32.dll
0x000007fefef00000 - 0x000007feff103000 	C:\Windows\system32\ole32.dll
0x000007fefd5a0000 - 0x000007fefd5af000 	C:\Windows\system32\profapi.dll
0x000000006f310000 - 0x000000006f319000 	C:\Program Files\Java\jre1.8.0_25\bin\dt_socket.dll
0x000007fefb970000 - 0x000007fefb985000 	C:\Windows\system32\NLAapi.dll
0x000007fef5970000 - 0x000007fef5985000 	C:\Windows\system32\napinsp.dll
0x000007fef5950000 - 0x000007fef5969000 	C:\Windows\system32\pnrpnsp.dll
0x000007fefcd40000 - 0x000007fefcd95000 	C:\Windows\System32\mswsock.dll
0x000007fefcbc0000 - 0x000007fefcc1b000 	C:\Windows\system32\DNSAPI.dll
0x000007fef5940000 - 0x000007fef594b000 	C:\Windows\System32\winrnr.dll
0x000007fef5930000 - 0x000007fef5940000 	C:\Windows\system32\wshbth.dll
0x000007fefb1f0000 - 0x000007fefb217000 	C:\Windows\system32\IPHLPAPI.DLL
0x000007fefb1d0000 - 0x000007fefb1db000 	C:\Windows\system32\WINNSI.DLL
0x000007fefaf80000 - 0x000007fefafd3000 	C:\Windows\System32\fwpuclnt.dll
0x000007fef90f0000 - 0x000007fef90f8000 	C:\Windows\system32\rasadhlp.dll
0x000007fefc760000 - 0x000007fefc767000 	C:\Windows\System32\wshtcpip.dll
0x000007fef38c0000 - 0x000007fef39e5000 	C:\Windows\system32\dbghelp.dll

VM Arguments:
jvm_args: -agentlib:jdwp=transport=dt_socket,suspend=y,address=localhost:53571 -Dfile.encoding=Cp1252 
java_command: com.ccd.test.Main
java_class_path (initial): D:\Projects\CCDTest\CCDTest\bin;D:\API\org.openhealthtools.mdht.uml.cda.hitsp.runtime.R20121220-1425\org.openhealthtools.mdht.uml.cda.hitsp.runtime.201212071459\1.2.0_Runtime\net.sourceforge.lpg.lpgjavaruntime_1.1.0.v200803061910.jar;D:\API\org.openhealthtools.mdht.uml.cda.hitsp.runtime.R20121220-1425\org.openhealthtools.mdht.uml.cda.hitsp.runtime.201212071459\1.2.0_Runtime\org.eclipse.emf.common_2.5.0.v200906151043.jar;D:\API\org.openhealthtools.mdht.uml.cda.hitsp.runtime.R20121220-1425\org.openhealthtools.mdht.uml.cda.hitsp.runtime.201212071459\1.2.0_Runtime\org.eclipse.emf.ecore.xmi_2.5.0.v200906151043.jar;D:\API\org.openhealthtools.mdht.uml.cda.hitsp.runtime.R20121220-1425\org.openhealthtools.mdht.uml.cda.hitsp.runtime.201212071459\1.2.0_Runtime\org.eclipse.emf.ecore_2.5.0.v200906151043.jar;D:\API\org.openhealthtools.mdht.uml.cda.hitsp.runtime.R20121220-1425\org.openhealthtools.mdht.uml.cda.hitsp.runtime.201212071459\1.2.0_Runtime\org.eclipse.ocl.ecore_1.3.0.v200905271400.jar;D:\API\org.openhealthtools.mdht.uml.cda.hitsp.runtime.R20121220-1425\org.openhealthtools.mdht.uml.cda.hitsp.runtime.201212071459\1.2.0_Runtime\org.eclipse.ocl_1.3.0.v200905271400.jar;D:\API\org.openhealthtools.mdht.uml.cda.hitsp.runtime.R20121220-1425\org.openhealthtools.mdht.uml.cda.hitsp.runtime.201212071459\1.2.0_Runtime\org.openhealthtools.mdht.emf.runtime_1.0.0.201212201425.jar;D:\API\org.openhealthtools.mdht.uml.cda.hitsp.runtime.R20121220-1425\org.openhealthtools.mdht.uml.cda.hitsp.runtime.201212071459\1.2.0_Runtime\org.openhealthtools.mdht.uml.cda.ccd.source_1.2.0.201212201425.jar;D:\API\org.openhealthtools.mdht.uml.cda.hitsp.runtime.R20121220-1425\org.openhealthtools.mdht.uml.cda.hitsp.runtime.201212071459\1.2.0_Runtime\org.openhealthtools.mdht.uml.cda.ccd_1.2.0.201212201425.jar;D:\API\org.openhealthtools.mdht.uml.cda.hitsp.runtime.R20121220-1425\org.openhealthtools.mdht.uml.cda.hitsp.runtime.201212071459\1.2.0_Runtime\org.openhealthtools.mdht.uml.cda.c
Launcher Type: SUN_STANDARD

Environment Variables:
JAVA_HOME=C:\Program Files\Java\jdk1.8.0_25
PATH=C:/Program Files/Java/jre1.8.0_25/bin/server;C:/Program Files/Java/jre1.8.0_25/bin;C:/Program Files/Java/jre1.8.0_25/lib/amd64;C:\PROGRAMDATA\ORACLE\JAVA\JAVAPATH;C:\Windows\SYSTEM32;C:\Windows;C:\Windows\SYSTEM32\WBEM;C:\Windows\SYSTEM32\WINDOWSPOWERSHELL\V1.0\;C:\PROGRAM FILES\INTEL\WIFI\BIN\;C:\PROGRAM FILES\COMMON FILES\INTEL\WIRELESSCOMMON\;C:\Program Files\Java\jdk1.8.0_25\JRE\BIN;D:\apache-maven-3.2.3\BIN;C:\PROGRAM FILES (X86)\NODEJS\;D:\APACHE-ANT-1.9.4\BIN\;C:\PROGRAM FILES\7-ZIP;C:\Windows\SYSTEM32\WINDOWSPOWERSHELL\V1.0\;C:\USERS\BHUSHANB\APPDATA\ROAMING\NPM;C:\PROGRAMDATA\CHOCOLATEY;C:\PROGRAM FILES\MYSQL\MYSQL SERVER 5.6\BIN;C:\Program Files (x86)\Skype\Phone\;C:\Program Files (x86)\Git\cmd;C:\Program Files\TortoiseGit\bin;F:\Eclipse\spring-tool-suite-3.6.4.RELEASE-e4.4.2-win32-x86_64\sts-bundle\sts-3.6.4.RELEASE;
USERNAME=DhananjayK
OS=Windows_NT
PROCESSOR_IDENTIFIER=Intel64 Family 6 Model 37 Stepping 5, GenuineIntel



---------------  S Y S T E M  ---------------

OS: Windows 7 , 64 bit Build 7601 Service Pack 1

CPU:total 4 (2 cores per cpu, 2 threads per core) family 6 model 37 stepping 5, cmov, cx8, fxsr, mmx, sse, sse2, sse3, ssse3, sse4.1, sse4.2, popcnt, ht, tsc, tscinvbit

Memory: 4k page, physical 4053688k(1120560k free), swap 8105540k(4204612k free)

vm_info: Java HotSpot(TM) 64-Bit Server VM (25.25-b02) for windows-amd64 JRE (1.8.0_25-b18), built on Oct  7 2014 14:25:37 by "java_re" with MS VC++ 10.0 (VS2010)

time: Wed Jun 24 18:41:42 2015
elapsed time: 1523 seconds (0d 0h 25m 23s)

